<?xml version="1.0" encoding="UTF-8" ?>
<testsuite errors="0" failures="0" hostname="delirium-tremens.local" name="NestedFunctionDSLTest" tests="5" time="0.061" timestamp="2012-03-14T03:59:44">
  <properties>
[...]
</properties>
  <testcase classname="NestedFunctionDSLTest" name="testTruth" time="0.0010" />
  <testcase classname="NestedFunctionDSLTest" name="testComputerWithoutDevicesAndProcessor" time="0.0" />
  <testcase classname="NestedFunctionDSLTest" name="testCores" time="0.0" />
  <testcase classname="NestedFunctionDSLTest" name="testSpeed" time="0.0" />
  <testcase classname="NestedFunctionDSLTest" name="testSize" time="0.0" />
  <system-out><![CDATA[]]></system-out>
  <system-err><![CDATA[]]></system-err>
</testsuite>
